{"C:\\Users\\Anna\\Desktop\\dev2\\moviedb-ts-next\\src\\UI\\Button\\Button.tsx": {"path":"C:\\Users\\Anna\\Desktop\\dev2\\moviedb-ts-next\\src\\UI\\Button\\Button.tsx","statementMap":{"0":{"start":{"line":13,"column":0},"end":{"line":13,"column":15}},"1":{"start":{"line":3,"column":19},"end":{"line":3,"column":null}},"2":{"start":{"line":13,"column":15},"end":{"line":13,"column":null}}},"fnMap":{"0":{"name":"Button","decl":{"start":{"line":5,"column":9},"end":{"line":5,"column":16}},"loc":{"start":{"line":5,"column":100},"end":{"line":11,"column":null}}},"1":{"name":"(anonymous_3)","decl":{"start":{"line":5,"column":63},"end":{"line":5,"column":71}},"loc":{"start":{"line":5,"column":63},"end":{"line":5,"column":72}}}},"branchMap":{"0":{"loc":{"start":{"line":5,"column":18},"end":{"line":5,"column":33}},"type":"default-arg","locations":[{"start":{"line":5,"column":25},"end":{"line":5,"column":33}}]},"1":{"loc":{"start":{"line":5,"column":35},"end":{"line":5,"column":49}},"type":"default-arg","locations":[{"start":{"line":5,"column":42},"end":{"line":5,"column":49}}]},"2":{"loc":{"start":{"line":5,"column":52},"end":{"line":5,"column":72}},"type":"default-arg","locations":[{"start":{"line":5,"column":63},"end":{"line":5,"column":72}}]}},"s":{"0":1,"1":1,"2":1},"f":{"0":1,"1":0},"b":{"0":[0],"1":[0],"2":[0]}}
,"C:\\Users\\Anna\\Desktop\\dev2\\moviedb-ts-next\\src\\assets\\appData\\aboutUs.ts": {"path":"C:\\Users\\Anna\\Desktop\\dev2\\moviedb-ts-next\\src\\assets\\appData\\aboutUs.ts","statementMap":{"0":{"start":{"line":3,"column":13},"end":{"line":3,"column":23}},"1":{"start":{"line":3,"column":23},"end":{"line":10,"column":null}}},"fnMap":{},"branchMap":{},"s":{"0":1,"1":1},"f":{},"b":{}}
,"C:\\Users\\Anna\\Desktop\\dev2\\moviedb-ts-next\\src\\assets\\dataForTests\\getActors.ts": {"path":"C:\\Users\\Anna\\Desktop\\dev2\\moviedb-ts-next\\src\\assets\\dataForTests\\getActors.ts","statementMap":{"0":{"start":{"line":3,"column":13},"end":{"line":3,"column":26}},"1":{"start":{"line":33,"column":13},"end":{"line":33,"column":26}},"2":{"start":{"line":53,"column":13},"end":{"line":53,"column":28}},"3":{"start":{"line":3,"column":56},"end":{"line":31,"column":null}},"4":{"start":{"line":33,"column":56},"end":{"line":52,"column":null}},"5":{"start":{"line":53,"column":58},"end":{"line":53,"column":60}}},"fnMap":{},"branchMap":{},"s":{"0":1,"1":1,"2":1,"3":1,"4":1,"5":1},"f":{},"b":{}}
,"C:\\Users\\Anna\\Desktop\\dev2\\moviedb-ts-next\\src\\assets\\dataForTests\\getString.ts": {"path":"C:\\Users\\Anna\\Desktop\\dev2\\moviedb-ts-next\\src\\assets\\dataForTests\\getString.ts","statementMap":{"0":{"start":{"line":1,"column":13},"end":{"line":1,"column":20}},"1":{"start":{"line":7,"column":13},"end":{"line":7,"column":20}},"2":{"start":{"line":14,"column":13},"end":{"line":14,"column":22}},"3":{"start":{"line":18,"column":13},"end":{"line":18,"column":21}},"4":{"start":{"line":1,"column":23},"end":{"line":5,"column":null}},"5":{"start":{"line":7,"column":23},"end":{"line":12,"column":null}},"6":{"start":{"line":14,"column":25},"end":{"line":16,"column":null}},"7":{"start":{"line":18,"column":24},"end":{"line":20,"column":null}}},"fnMap":{},"branchMap":{},"s":{"0":1,"1":1,"2":1,"3":1,"4":1,"5":1,"6":1,"7":1},"f":{},"b":{}}
,"C:\\Users\\Anna\\Desktop\\dev2\\moviedb-ts-next\\src\\components\\AboutMovieDB\\AboutMovieDB.tsx": {"path":"C:\\Users\\Anna\\Desktop\\dev2\\moviedb-ts-next\\src\\components\\AboutMovieDB\\AboutMovieDB.tsx","statementMap":{"0":{"start":{"line":17,"column":0},"end":{"line":17,"column":15}},"1":{"start":{"line":1,"column":24},"end":{"line":1,"column":null}},"2":{"start":{"line":3,"column":20},"end":{"line":3,"column":null}},"3":{"start":{"line":10,"column":10},"end":{"line":10,"column":26}},"4":{"start":{"line":17,"column":15},"end":{"line":17,"column":null}}},"fnMap":{"0":{"name":"AboutMovieDB","decl":{"start":{"line":5,"column":9},"end":{"line":5,"column":null}},"loc":{"start":{"line":5,"column":9},"end":{"line":15,"column":null}}},"1":{"name":"(anonymous_3)","decl":{"start":{"line":9,"column":21},"end":{"line":9,"column":22}},"loc":{"start":{"line":10,"column":10},"end":{"line":10,"column":26}}}},"branchMap":{},"s":{"0":1,"1":1,"2":1,"3":6,"4":1},"f":{"0":1,"1":6},"b":{}}
,"C:\\Users\\Anna\\Desktop\\dev2\\moviedb-ts-next\\src\\components\\Actor\\Actor.tsx": {"path":"C:\\Users\\Anna\\Desktop\\dev2\\moviedb-ts-next\\src\\components\\Actor\\Actor.tsx","statementMap":{"0":{"start":{"line":35,"column":0},"end":{"line":35,"column":15}},"1":{"start":{"line":1,"column":21},"end":{"line":1,"column":null}},"2":{"start":{"line":2,"column":18},"end":{"line":2,"column":null}},"3":{"start":{"line":4,"column":33},"end":{"line":4,"column":null}},"4":{"start":{"line":6,"column":28},"end":{"line":6,"column":null}},"5":{"start":{"line":7,"column":26},"end":{"line":7,"column":null}},"6":{"start":{"line":8,"column":30},"end":{"line":8,"column":null}},"7":{"start":{"line":11,"column":19},"end":{"line":11,"column":null}},"8":{"start":{"line":14,"column":4},"end":{"line":14,"column":null}},"9":{"start":{"line":35,"column":15},"end":{"line":35,"column":null}}},"fnMap":{"0":{"name":"Actor","decl":{"start":{"line":13,"column":9},"end":{"line":13,"column":15}},"loc":{"start":{"line":13,"column":34},"end":{"line":33,"column":null}}}},"branchMap":{"0":{"loc":{"start":{"line":19,"column":21},"end":{"line":19,"column":32}},"type":"binary-expr","locations":[{"start":{"line":19,"column":21},"end":{"line":19,"column":32}}]},"1":{"loc":{"start":{"line":24,"column":25},"end":{"line":24,"column":41}},"type":"binary-expr","locations":[{"start":{"line":24,"column":25},"end":{"line":24,"column":41}}]},"2":{"loc":{"start":{"line":25,"column":25},"end":{"line":25,"column":34}},"type":"binary-expr","locations":[{"start":{"line":25,"column":25},"end":{"line":25,"column":34}}]},"3":{"loc":{"start":{"line":26,"column":25},"end":{"line":26,"column":39}},"type":"binary-expr","locations":[{"start":{"line":26,"column":25},"end":{"line":26,"column":39}}]},"4":{"loc":{"start":{"line":27,"column":25},"end":{"line":27,"column":41}},"type":"binary-expr","locations":[{"start":{"line":27,"column":25},"end":{"line":27,"column":41}}]}},"s":{"0":1,"1":1,"2":1,"3":1,"4":1,"5":1,"6":1,"7":1,"8":1,"9":1},"f":{"0":1},"b":{"0":[1],"1":[1],"2":[1],"3":[1],"4":[1]}}
,"C:\\Users\\Anna\\Desktop\\dev2\\moviedb-ts-next\\src\\components\\DescriptionMovieItem\\DescriptionMovieItem.tsx": {"path":"C:\\Users\\Anna\\Desktop\\dev2\\moviedb-ts-next\\src\\components\\DescriptionMovieItem\\DescriptionMovieItem.tsx","statementMap":{"0":{"start":{"line":14,"column":0},"end":{"line":14,"column":15}},"1":{"start":{"line":3,"column":19},"end":{"line":3,"column":null}},"2":{"start":{"line":14,"column":15},"end":{"line":14,"column":null}}},"fnMap":{"0":{"name":"DescriptionMovieItem","decl":{"start":{"line":5,"column":9},"end":{"line":5,"column":30}},"loc":{"start":{"line":5,"column":76},"end":{"line":12,"column":null}}}},"branchMap":{"0":{"loc":{"start":{"line":5,"column":32},"end":{"line":5,"column":40}},"type":"default-arg","locations":[{"start":{"line":5,"column":38},"end":{"line":5,"column":40}}]},"1":{"loc":{"start":{"line":5,"column":42},"end":{"line":5,"column":49}},"type":"default-arg","locations":[{"start":{"line":5,"column":47},"end":{"line":5,"column":49}}]}},"s":{"0":3,"1":2,"2":2},"f":{"0":3},"b":{"0":[0],"1":[1]}}
,"C:\\Users\\Anna\\Desktop\\dev2\\moviedb-ts-next\\src\\helpers\\checkEmptyObject\\checkEmptyObject.ts": {"path":"C:\\Users\\Anna\\Desktop\\dev2\\moviedb-ts-next\\src\\helpers\\checkEmptyObject\\checkEmptyObject.ts","statementMap":{"0":{"start":{"line":1,"column":16},"end":{"line":1,"column":33}},"1":{"start":{"line":2,"column":4},"end":{"line":2,"column":null}}},"fnMap":{"0":{"name":"checkEmptyObject","decl":{"start":{"line":1,"column":16},"end":{"line":1,"column":33}},"loc":{"start":{"line":1,"column":40},"end":{"line":3,"column":null}}}},"branchMap":{},"s":{"0":2,"1":2},"f":{"0":2},"b":{}}
,"C:\\Users\\Anna\\Desktop\\dev2\\moviedb-ts-next\\src\\helpers\\getActors\\getActors.ts": {"path":"C:\\Users\\Anna\\Desktop\\dev2\\moviedb-ts-next\\src\\helpers\\getActors\\getActors.ts","statementMap":{"0":{"start":{"line":3,"column":16},"end":{"line":3,"column":26}},"1":{"start":{"line":4,"column":4},"end":{"line":8,"column":null}},"2":{"start":{"line":5,"column":36},"end":{"line":5,"column":38}},"3":{"start":{"line":6,"column":8},"end":{"line":6,"column":null}},"4":{"start":{"line":6,"column":44},"end":{"line":6,"column":null}},"5":{"start":{"line":7,"column":8},"end":{"line":7,"column":null}}},"fnMap":{"0":{"name":"getActors","decl":{"start":{"line":3,"column":16},"end":{"line":3,"column":26}},"loc":{"start":{"line":3,"column":57},"end":{"line":9,"column":null}}},"1":{"name":"(anonymous_2)","decl":{"start":{"line":6,"column":17},"end":{"line":6,"column":18}},"loc":{"start":{"line":6,"column":44},"end":{"line":6,"column":null}}}},"branchMap":{"0":{"loc":{"start":{"line":4,"column":4},"end":{"line":8,"column":null}},"type":"if","locations":[{"start":{"line":4,"column":4},"end":{"line":8,"column":null}}]},"1":{"loc":{"start":{"line":6,"column":44},"end":{"line":6,"column":null}},"type":"cond-expr","locations":[{"start":{"line":6,"column":72},"end":{"line":6,"column":94}},{"start":{"line":6,"column":94},"end":{"line":6,"column":null}}]}},"s":{"0":3,"1":3,"2":3,"3":3,"4":5,"5":3},"f":{"0":3,"1":5},"b":{"0":[3],"1":[2,3]}}
,"C:\\Users\\Anna\\Desktop\\dev2\\moviedb-ts-next\\src\\helpers\\getDateFormat\\getDateFormat.ts": {"path":"C:\\Users\\Anna\\Desktop\\dev2\\moviedb-ts-next\\src\\helpers\\getDateFormat\\getDateFormat.ts","statementMap":{"0":{"start":{"line":13,"column":16},"end":{"line":13,"column":30}},"1":{"start":{"line":3,"column":27},"end":{"line":8,"column":null}},"2":{"start":{"line":14,"column":4},"end":{"line":20,"column":null}},"3":{"start":{"line":15,"column":24},"end":{"line":15,"column":null}},"4":{"start":{"line":16,"column":23},"end":{"line":16,"column":null}},"5":{"start":{"line":17,"column":8},"end":{"line":17,"column":41}},"6":{"start":{"line":19,"column":8},"end":{"line":19,"column":null}}},"fnMap":{"0":{"name":"getDateFormat","decl":{"start":{"line":13,"column":16},"end":{"line":13,"column":30}},"loc":{"start":{"line":13,"column":42},"end":{"line":21,"column":null}}}},"branchMap":{"0":{"loc":{"start":{"line":14,"column":4},"end":{"line":20,"column":null}},"type":"if","locations":[{"start":{"line":14,"column":4},"end":{"line":20,"column":null}},{"start":{"line":18,"column":11},"end":{"line":20,"column":null}}]}},"s":{"0":5,"1":2,"2":5,"3":3,"4":3,"5":3,"6":2},"f":{"0":5},"b":{"0":[3,2]}}
,"C:\\Users\\Anna\\Desktop\\dev2\\moviedb-ts-next\\src\\helpers\\getInfo\\getInfo.ts": {"path":"C:\\Users\\Anna\\Desktop\\dev2\\moviedb-ts-next\\src\\helpers\\getInfo\\getInfo.ts","statementMap":{"0":{"start":{"line":3,"column":16},"end":{"line":3,"column":24}},"1":{"start":{"line":4,"column":35},"end":{"line":4,"column":37}},"2":{"start":{"line":5,"column":4},"end":{"line":5,"column":null}},"3":{"start":{"line":5,"column":19},"end":{"line":5,"column":null}},"4":{"start":{"line":6,"column":4},"end":{"line":6,"column":null}}},"fnMap":{"0":{"name":"getInfo","decl":{"start":{"line":3,"column":16},"end":{"line":3,"column":24}},"loc":{"start":{"line":3,"column":43},"end":{"line":7,"column":null}}},"1":{"name":"(anonymous_2)","decl":{"start":{"line":5,"column":12},"end":{"line":5,"column":13}},"loc":{"start":{"line":5,"column":19},"end":{"line":5,"column":null}}}},"branchMap":{},"s":{"0":2,"1":2,"2":2,"3":3,"4":2},"f":{"0":2,"1":3},"b":{}}
,"C:\\Users\\Anna\\Desktop\\dev2\\moviedb-ts-next\\src\\helpers\\getMoviesType\\getMoviesType.ts": {"path":"C:\\Users\\Anna\\Desktop\\dev2\\moviedb-ts-next\\src\\helpers\\getMoviesType\\getMoviesType.ts","statementMap":{"0":{"start":{"line":1,"column":16},"end":{"line":1,"column":30}},"1":{"start":{"line":2,"column":4},"end":{"line":8,"column":null}},"2":{"start":{"line":3,"column":8},"end":{"line":3,"column":null}},"3":{"start":{"line":4,"column":11},"end":{"line":8,"column":null}},"4":{"start":{"line":5,"column":8},"end":{"line":5,"column":null}},"5":{"start":{"line":7,"column":8},"end":{"line":7,"column":null}}},"fnMap":{"0":{"name":"getMoviesType","decl":{"start":{"line":1,"column":16},"end":{"line":1,"column":30}},"loc":{"start":{"line":1,"column":46},"end":{"line":9,"column":null}}}},"branchMap":{"0":{"loc":{"start":{"line":2,"column":4},"end":{"line":8,"column":null}},"type":"if","locations":[{"start":{"line":2,"column":4},"end":{"line":8,"column":null}},{"start":{"line":4,"column":11},"end":{"line":8,"column":null}}]},"1":{"loc":{"start":{"line":4,"column":11},"end":{"line":8,"column":null}},"type":"if","locations":[{"start":{"line":4,"column":11},"end":{"line":8,"column":null}},{"start":{"line":6,"column":11},"end":{"line":8,"column":null}}]}},"s":{"0":3,"1":3,"2":1,"3":2,"4":1,"5":1},"f":{"0":3},"b":{"0":[1,2],"1":[1,1]}}
,"C:\\Users\\Anna\\Desktop\\dev2\\moviedb-ts-next\\src\\helpers\\getQueryParams\\getQueryParams.ts": {"path":"C:\\Users\\Anna\\Desktop\\dev2\\moviedb-ts-next\\src\\helpers\\getQueryParams\\getQueryParams.ts","statementMap":{"0":{"start":{"line":1,"column":16},"end":{"line":1,"column":31}},"1":{"start":{"line":2,"column":18},"end":{"line":2,"column":null}},"2":{"start":{"line":3,"column":18},"end":{"line":3,"column":null}},"3":{"start":{"line":4,"column":19},"end":{"line":4,"column":null}},"4":{"start":{"line":6,"column":4},"end":{"line":6,"column":null}}},"fnMap":{"0":{"name":"getQueryParams","decl":{"start":{"line":1,"column":16},"end":{"line":1,"column":31}},"loc":{"start":{"line":1,"column":159},"end":{"line":7,"column":null}}}},"branchMap":{"0":{"loc":{"start":{"line":2,"column":18},"end":{"line":2,"column":null}},"type":"cond-expr","locations":[{"start":{"line":2,"column":31},"end":{"line":2,"column":58}},{"start":{"line":2,"column":61},"end":{"line":2,"column":null}}]},"1":{"loc":{"start":{"line":3,"column":18},"end":{"line":3,"column":null}},"type":"cond-expr","locations":[{"start":{"line":3,"column":31},"end":{"line":3,"column":51}},{"start":{"line":3,"column":54},"end":{"line":3,"column":null}}]},"2":{"loc":{"start":{"line":4,"column":19},"end":{"line":4,"column":null}},"type":"cond-expr","locations":[{"start":{"line":4,"column":33},"end":{"line":4,"column":59}},{"start":{"line":4,"column":62},"end":{"line":4,"column":null}}]}},"s":{"0":5,"1":5,"2":5,"3":5,"4":5},"f":{"0":5},"b":{"0":[2,3],"1":[1,4],"2":[1,4]}}
,"C:\\Users\\Anna\\Desktop\\dev2\\moviedb-ts-next\\src\\helpers\\getRoundNumber\\getRoundNumber.ts": {"path":"C:\\Users\\Anna\\Desktop\\dev2\\moviedb-ts-next\\src\\helpers\\getRoundNumber\\getRoundNumber.ts","statementMap":{"0":{"start":{"line":1,"column":16},"end":{"line":1,"column":31}},"1":{"start":{"line":2,"column":4},"end":{"line":2,"column":null}}},"fnMap":{"0":{"name":"getRoundNumber","decl":{"start":{"line":1,"column":16},"end":{"line":1,"column":31}},"loc":{"start":{"line":1,"column":45},"end":{"line":3,"column":null}}}},"branchMap":{},"s":{"0":4,"1":4},"f":{"0":4},"b":{}}
,"C:\\Users\\Anna\\Desktop\\dev2\\moviedb-ts-next\\src\\helpers\\getString\\getString.ts": {"path":"C:\\Users\\Anna\\Desktop\\dev2\\moviedb-ts-next\\src\\helpers\\getString\\getString.ts","statementMap":{"0":{"start":{"line":1,"column":16},"end":{"line":1,"column":26}},"1":{"start":{"line":2,"column":33},"end":{"line":2,"column":35}},"2":{"start":{"line":4,"column":4},"end":{"line":8,"column":null}},"3":{"start":{"line":5,"column":8},"end":{"line":7,"column":null}},"4":{"start":{"line":6,"column":12},"end":{"line":6,"column":null}},"5":{"start":{"line":9,"column":4},"end":{"line":9,"column":null}}},"fnMap":{"0":{"name":"getString","decl":{"start":{"line":1,"column":16},"end":{"line":1,"column":26}},"loc":{"start":{"line":1,"column":42},"end":{"line":10,"column":null}}},"1":{"name":"(anonymous_2)","decl":{"start":{"line":4,"column":13},"end":{"line":4,"column":14}},"loc":{"start":{"line":4,"column":14},"end":{"line":8,"column":null}}}},"branchMap":{"0":{"loc":{"start":{"line":5,"column":8},"end":{"line":7,"column":null}},"type":"if","locations":[{"start":{"line":5,"column":8},"end":{"line":7,"column":null}}]}},"s":{"0":5,"1":5,"2":5,"3":9,"4":8,"5":5},"f":{"0":5,"1":9},"b":{"0":[8]}}
,"C:\\Users\\Anna\\Desktop\\dev2\\moviedb-ts-next\\src\\helpers\\getTextYear\\getTextYear.ts": {"path":"C:\\Users\\Anna\\Desktop\\dev2\\moviedb-ts-next\\src\\helpers\\getTextYear\\getTextYear.ts","statementMap":{"0":{"start":{"line":1,"column":13},"end":{"line":1,"column":27}},"1":{"start":{"line":1,"column":27},"end":{"line":19,"column":null}},"2":{"start":{"line":2,"column":20},"end":{"line":2,"column":null}},"3":{"start":{"line":4,"column":4},"end":{"line":18,"column":null}},"4":{"start":{"line":5,"column":8},"end":{"line":5,"column":null}},"5":{"start":{"line":6,"column":11},"end":{"line":18,"column":null}},"6":{"start":{"line":7,"column":8},"end":{"line":7,"column":null}},"7":{"start":{"line":8,"column":11},"end":{"line":18,"column":null}},"8":{"start":{"line":9,"column":8},"end":{"line":9,"column":null}},"9":{"start":{"line":10,"column":11},"end":{"line":18,"column":null}},"10":{"start":{"line":11,"column":8},"end":{"line":11,"column":null}},"11":{"start":{"line":12,"column":11},"end":{"line":18,"column":null}},"12":{"start":{"line":13,"column":8},"end":{"line":13,"column":null}},"13":{"start":{"line":14,"column":11},"end":{"line":18,"column":null}},"14":{"start":{"line":15,"column":8},"end":{"line":15,"column":null}},"15":{"start":{"line":16,"column":11},"end":{"line":18,"column":null}},"16":{"start":{"line":17,"column":8},"end":{"line":17,"column":null}}},"fnMap":{"0":{"name":"(anonymous_1)","decl":{"start":{"line":1,"column":27},"end":{"line":1,"column":28}},"loc":{"start":{"line":1,"column":28},"end":{"line":19,"column":null}}}},"branchMap":{"0":{"loc":{"start":{"line":4,"column":4},"end":{"line":18,"column":null}},"type":"if","locations":[{"start":{"line":4,"column":4},"end":{"line":18,"column":null}},{"start":{"line":6,"column":11},"end":{"line":18,"column":null}}]},"1":{"loc":{"start":{"line":6,"column":11},"end":{"line":18,"column":null}},"type":"if","locations":[{"start":{"line":6,"column":11},"end":{"line":18,"column":null}},{"start":{"line":8,"column":11},"end":{"line":18,"column":null}}]},"2":{"loc":{"start":{"line":8,"column":11},"end":{"line":18,"column":null}},"type":"if","locations":[{"start":{"line":8,"column":11},"end":{"line":18,"column":null}},{"start":{"line":10,"column":11},"end":{"line":18,"column":null}}]},"3":{"loc":{"start":{"line":8,"column":15},"end":{"line":8,"column":43}},"type":"binary-expr","locations":[{"start":{"line":8,"column":15},"end":{"line":8,"column":28}},{"start":{"line":8,"column":28},"end":{"line":8,"column":43}}]},"4":{"loc":{"start":{"line":10,"column":11},"end":{"line":18,"column":null}},"type":"if","locations":[{"start":{"line":10,"column":11},"end":{"line":18,"column":null}},{"start":{"line":12,"column":11},"end":{"line":18,"column":null}}]},"5":{"loc":{"start":{"line":10,"column":15},"end":{"line":10,"column":35}},"type":"binary-expr","locations":[{"start":{"line":10,"column":15},"end":{"line":10,"column":26}},{"start":{"line":10,"column":26},"end":{"line":10,"column":35}}]},"6":{"loc":{"start":{"line":12,"column":11},"end":{"line":18,"column":null}},"type":"if","locations":[{"start":{"line":12,"column":11},"end":{"line":18,"column":null}},{"start":{"line":14,"column":11},"end":{"line":18,"column":null}}]},"7":{"loc":{"start":{"line":12,"column":15},"end":{"line":12,"column":37}},"type":"binary-expr","locations":[{"start":{"line":12,"column":15},"end":{"line":12,"column":26}},{"start":{"line":12,"column":26},"end":{"line":12,"column":37}}]},"8":{"loc":{"start":{"line":14,"column":11},"end":{"line":18,"column":null}},"type":"if","locations":[{"start":{"line":14,"column":11},"end":{"line":18,"column":null}},{"start":{"line":16,"column":11},"end":{"line":18,"column":null}}]},"9":{"loc":{"start":{"line":14,"column":15},"end":{"line":14,"column":43}},"type":"binary-expr","locations":[{"start":{"line":14,"column":15},"end":{"line":14,"column":30}},{"start":{"line":14,"column":30},"end":{"line":14,"column":43}}]},"10":{"loc":{"start":{"line":16,"column":11},"end":{"line":18,"column":null}},"type":"if","locations":[{"start":{"line":16,"column":11},"end":{"line":18,"column":null}}]},"11":{"loc":{"start":{"line":16,"column":15},"end":{"line":16,"column":63}},"type":"binary-expr","locations":[{"start":{"line":16,"column":15},"end":{"line":16,"column":31}},{"start":{"line":16,"column":31},"end":{"line":16,"column":48}},{"start":{"line":16,"column":48},"end":{"line":16,"column":63}}]}},"s":{"0":10,"1":2,"2":10,"3":10,"4":1,"5":9,"6":1,"7":8,"8":2,"9":6,"10":1,"11":5,"12":2,"13":3,"14":1,"15":2,"16":2},"f":{"0":10},"b":{"0":[1,9],"1":[1,8],"2":[2,6],"3":[8,7],"4":[1,5],"5":[6,6],"6":[2,3],"7":[5,5],"8":[1,2],"9":[3,2],"10":[2],"11":[2,1,1]}}
,"C:\\Users\\Anna\\Desktop\\dev2\\moviedb-ts-next\\src\\helpers\\getTime\\getTime.ts": {"path":"C:\\Users\\Anna\\Desktop\\dev2\\moviedb-ts-next\\src\\helpers\\getTime\\getTime.ts","statementMap":{"0":{"start":{"line":1,"column":16},"end":{"line":1,"column":24}},"1":{"start":{"line":2,"column":4},"end":{"line":14,"column":null}},"2":{"start":{"line":3,"column":24},"end":{"line":3,"column":null}},"3":{"start":{"line":4,"column":22},"end":{"line":4,"column":null}},"4":{"start":{"line":5,"column":30},"end":{"line":5,"column":null}},"5":{"start":{"line":7,"column":8},"end":{"line":11,"column":null}},"6":{"start":{"line":8,"column":12},"end":{"line":8,"column":null}},"7":{"start":{"line":10,"column":12},"end":{"line":10,"column":null}},"8":{"start":{"line":13,"column":8},"end":{"line":13,"column":null}}},"fnMap":{"0":{"name":"getTime","decl":{"start":{"line":1,"column":16},"end":{"line":1,"column":24}},"loc":{"start":{"line":1,"column":38},"end":{"line":15,"column":null}}}},"branchMap":{"0":{"loc":{"start":{"line":2,"column":4},"end":{"line":14,"column":null}},"type":"if","locations":[{"start":{"line":2,"column":4},"end":{"line":14,"column":null}},{"start":{"line":12,"column":11},"end":{"line":14,"column":null}}]},"1":{"loc":{"start":{"line":5,"column":30},"end":{"line":5,"column":null}},"type":"cond-expr","locations":[{"start":{"line":5,"column":45},"end":{"line":5,"column":58}},{"start":{"line":5,"column":61},"end":{"line":5,"column":null}}]},"2":{"loc":{"start":{"line":7,"column":8},"end":{"line":11,"column":null}},"type":"if","locations":[{"start":{"line":7,"column":8},"end":{"line":11,"column":null}},{"start":{"line":9,"column":15},"end":{"line":11,"column":null}}]}},"s":{"0":5,"1":5,"2":4,"3":4,"4":4,"5":4,"6":3,"7":1,"8":1},"f":{"0":5},"b":{"0":[4,1],"1":[3,1],"2":[3,1]}}
}
