TN:
SF:src\UI\Button\Button.tsx
FN:5,Button
FN:5,(anonymous_3)
FNF:2
FNH:1
FNDA:1,Button
FNDA:0,(anonymous_3)
DA:3,1
DA:13,1
LF:2
LH:2
BRDA:5,0,0,0
BRDA:5,1,0,0
BRDA:5,2,0,0
BRF:3
BRH:0
end_of_record
TN:
SF:src\assets\appData\aboutUs.ts
FNF:0
FNH:0
DA:3,1
LF:1
LH:1
BRF:0
BRH:0
end_of_record
TN:
SF:src\assets\dataForTests\getActors.ts
FNF:0
FNH:0
DA:3,1
DA:33,1
DA:53,1
LF:3
LH:3
BRF:0
BRH:0
end_of_record
TN:
SF:src\assets\dataForTests\getString.ts
FNF:0
FNH:0
DA:1,1
DA:7,1
DA:14,1
DA:18,1
LF:4
LH:4
BRF:0
BRH:0
end_of_record
TN:
SF:src\components\AboutMovieDB\AboutMovieDB.tsx
FN:5,AboutMovieDB
FN:9,(anonymous_3)
FNF:2
FNH:2
FNDA:1,AboutMovieDB
FNDA:6,(anonymous_3)
DA:1,1
DA:3,1
DA:10,6
DA:17,1
LF:4
LH:4
BRF:0
BRH:0
end_of_record
TN:
SF:src\components\Actor\Actor.tsx
FN:13,Actor
FNF:1
FNH:1
FNDA:1,Actor
DA:1,1
DA:2,1
DA:4,1
DA:6,1
DA:7,1
DA:8,1
DA:11,1
DA:14,1
DA:35,1
LF:9
LH:9
BRDA:19,0,0,1
BRDA:24,1,0,1
BRDA:25,2,0,1
BRDA:26,3,0,1
BRDA:27,4,0,1
BRF:5
BRH:5
end_of_record
TN:
SF:src\components\DescriptionMovieItem\DescriptionMovieItem.tsx
FN:5,DescriptionMovieItem
FNF:1
FNH:1
FNDA:3,DescriptionMovieItem
DA:3,2
DA:14,3
LF:2
LH:2
BRDA:5,0,0,0
BRDA:5,1,0,1
BRF:2
BRH:1
end_of_record
TN:
SF:src\helpers\checkEmptyObject\checkEmptyObject.ts
FN:1,checkEmptyObject
FNF:1
FNH:1
FNDA:2,checkEmptyObject
DA:1,2
DA:2,2
LF:2
LH:2
BRF:0
BRH:0
end_of_record
TN:
SF:src\helpers\getActors\getActors.ts
FN:3,getActors
FN:6,(anonymous_2)
FNF:2
FNH:2
FNDA:3,getActors
FNDA:5,(anonymous_2)
DA:3,3
DA:4,3
DA:5,3
DA:6,5
DA:7,3
LF:5
LH:5
BRDA:4,0,0,3
BRDA:6,1,0,2
BRDA:6,1,1,3
BRF:3
BRH:3
end_of_record
TN:
SF:src\helpers\getDateFormat\getDateFormat.ts
FN:13,getDateFormat
FNF:1
FNH:1
FNDA:5,getDateFormat
DA:3,2
DA:13,5
DA:14,5
DA:15,3
DA:16,3
DA:17,3
DA:19,2
LF:7
LH:7
BRDA:14,0,0,3
BRDA:14,0,1,2
BRF:2
BRH:2
end_of_record
TN:
SF:src\helpers\getInfo\getInfo.ts
FN:3,getInfo
FN:5,(anonymous_2)
FNF:2
FNH:2
FNDA:2,getInfo
FNDA:3,(anonymous_2)
DA:3,2
DA:4,2
DA:5,3
DA:6,2
LF:4
LH:4
BRF:0
BRH:0
end_of_record
TN:
SF:src\helpers\getMoviesType\getMoviesType.ts
FN:1,getMoviesType
FNF:1
FNH:1
FNDA:3,getMoviesType
DA:1,3
DA:2,3
DA:3,1
DA:4,2
DA:5,1
DA:7,1
LF:6
LH:6
BRDA:2,0,0,1
BRDA:2,0,1,2
BRDA:4,1,0,1
BRDA:4,1,1,1
BRF:4
BRH:4
end_of_record
TN:
SF:src\helpers\getQueryParams\getQueryParams.ts
FN:1,getQueryParams
FNF:1
FNH:1
FNDA:5,getQueryParams
DA:1,5
DA:2,5
DA:3,5
DA:4,5
DA:6,5
LF:5
LH:5
BRDA:2,0,0,2
BRDA:2,0,1,3
BRDA:3,1,0,1
BRDA:3,1,1,4
BRDA:4,2,0,1
BRDA:4,2,1,4
BRF:6
BRH:6
end_of_record
TN:
SF:src\helpers\getRoundNumber\getRoundNumber.ts
FN:1,getRoundNumber
FNF:1
FNH:1
FNDA:4,getRoundNumber
DA:1,4
DA:2,4
LF:2
LH:2
BRF:0
BRH:0
end_of_record
TN:
SF:src\helpers\getString\getString.ts
FN:1,getString
FN:4,(anonymous_2)
FNF:2
FNH:2
FNDA:5,getString
FNDA:9,(anonymous_2)
DA:1,5
DA:2,5
DA:4,5
DA:5,9
DA:6,8
DA:9,5
LF:6
LH:6
BRDA:5,0,0,8
BRF:1
BRH:1
end_of_record
TN:
SF:src\helpers\getTextYear\getTextYear.ts
FN:1,(anonymous_1)
FNF:1
FNH:1
FNDA:10,(anonymous_1)
DA:1,10
DA:2,10
DA:4,10
DA:5,1
DA:6,9
DA:7,1
DA:8,8
DA:9,2
DA:10,6
DA:11,1
DA:12,5
DA:13,2
DA:14,3
DA:15,1
DA:16,2
DA:17,2
LF:16
LH:16
BRDA:4,0,0,1
BRDA:4,0,1,9
BRDA:6,1,0,1
BRDA:6,1,1,8
BRDA:8,2,0,2
BRDA:8,2,1,6
BRDA:8,3,0,8
BRDA:8,3,1,7
BRDA:10,4,0,1
BRDA:10,4,1,5
BRDA:10,5,0,6
BRDA:10,5,1,6
BRDA:12,6,0,2
BRDA:12,6,1,3
BRDA:12,7,0,5
BRDA:12,7,1,5
BRDA:14,8,0,1
BRDA:14,8,1,2
BRDA:14,9,0,3
BRDA:14,9,1,2
BRDA:16,10,0,2
BRDA:16,11,0,2
BRDA:16,11,1,1
BRDA:16,11,2,1
BRF:24
BRH:24
end_of_record
TN:
SF:src\helpers\getTime\getTime.ts
FN:1,getTime
FNF:1
FNH:1
FNDA:5,getTime
DA:1,5
DA:2,5
DA:3,4
DA:4,4
DA:5,4
DA:7,4
DA:8,3
DA:10,1
DA:13,1
LF:9
LH:9
BRDA:2,0,0,4
BRDA:2,0,1,1
BRDA:5,1,0,3
BRDA:5,1,1,1
BRDA:7,2,0,3
BRDA:7,2,1,1
BRF:6
BRH:6
end_of_record
